
> anchormap@1.0.0 test:fixtures:all
> npm run test:fixtures


> anchormap@1.0.0 test:fixtures
> npm run build && node dist/harness/fixture-runner.js


> anchormap@1.0.0 build
> npm run clean && tsc -p tsconfig.json


> anchormap@1.0.0 clean
> node -e "require('node:fs').rmSync('dist', { recursive: true, force: true })"

PASS fx68_cli_unknown_command
PASS fx69_cli_unknown_option
PASS fx70_cli_invalid_option_combination
PASS fx71_cli_scan_option_order_invariant
PASS fx71a_cli_scan_human_success
PASS fx71b_cli_scan_human_config_error_code2
PASS fx71c_cli_scan_human_repo_error_code3
PASS fx71d_cli_scan_human_invalid_args_code4
PASS fx71e_cli_scan_human_internal_error_code1
PASS fx72_cli_priority_4_over_2
PASS fx73_cli_priority_2_over_3
PASS fx74_cli_priority_3_over_1
PASS fx75_cli_internal_error_code_1
PASS fx76_cli_write_failure_code_1
PASS fx43_config_missing_file
PASS fx00m_map_decode_spec_non_utf8_no_mutation
PASS fx00n_map_decode_product_non_utf8_no_mutation
PASS fx00o_map_decode_config_non_utf8_no_mutation
PASS fx37_graph_parse_failure
PASS fx54_init_success_minimal
PASS fx55_init_create_only
PASS fx55a_init_create_only_broken_symlink
PASS fx56_init_invalid_args
PASS fx57_init_missing_required_dirs
PASS fx58_init_duplicate_normalized_roots
PASS fx58a_init_option_order_invariant
PASS fx59_map_create
PASS fx60_map_replace_guard
PASS fx61_map_replace_ok
PASS fx62_map_replace_create_if_absent
PASS fx63_map_invalid_anchor_argument
PASS fx64_map_anchor_not_observed
PASS fx65_map_invalid_seed
PASS fx66_map_duplicate_seed_argument
PASS fx67_map_option_order_invariant
PASS fx67a_map_config_missing_or_invalid_code2
PASS fx67b_map_spec_read_or_decode_failure_code3
PASS fx67c_map_product_read_decode_or_parse_failure_code3
PASS fx67d_map_required_existence_test_failure_code3
PASS fx39_repo_case_collision_in_scope
PASS fx39a_repo_cross_root_case_collision
PASS fx40_repo_symlink_in_scope
PASS fx41_repo_noise_outside_scope_ignored
PASS fx42a_repo_product_root_enumeration_failure
PASS fx42c_repo_noncanonical_path_in_scope
PASS fx01_scan_min_clean
PASS fx02_scan_two_anchors_overlap
PASS fx03_scan_unmapped_anchor
PASS fx04_scan_stale_mapping
PASS fx05_scan_broken_seed
PASS fx06_scan_clean_untraced
PASS fx06a_scan_unmapped_anchor_suppresses_untraced
PASS fx07_scan_degraded_suppresses_untraced
PASS fx08_scan_no_untraced_without_usable_mapping
PASS fx09_scan_findings_canonical_order
PASS fx10_scan_closed_objects
PASS fx19_specs_duplicate_anchor
PASS fx22b_specs_markdown_non_utf8
PASS fx22e_specs_yaml_non_utf8
PASS c1_filesystem_order_baseline
PASS c1_filesystem_order_transformed
PASS c2_yaml_reorder_map_baseline
PASS c2_yaml_reorder_map_transformed
PASS c2_yaml_reorder_scan_baseline
PASS c2_yaml_reorder_scan_transformed
PASS c3_spec_noise_baseline
PASS c3_spec_noise_transformed
PASS c4_seed_movement_baseline
PASS c4_seed_movement_transformed
PASS c5_external_import_baseline
PASS c5_external_import_transformed
PASS c6_unsupported_extension_baseline
PASS c6_unsupported_extension_transformed
PASS c8_locale_collation_order
PASS harness_schema_failure
PASS harness_schema_success
PASS harness_smoke_init_write
PASS harness_smoke_scan_failure
PASS harness_smoke_scan_success
SUMMARY total=79 passed=79 failed=0 artifacts=.tmp/fixture-runs/all/run-0001 summary=.tmp/fixture-runs/all/run-0001/summary.txt
